
[verilator] Generating C++ files...
Tue, 10 Aug 2021 20:43:02 +0800
0.07user 0.01system 0:00.08elapsed 98%CPU (0avgtext+0avgdata 27544maxresident)k
0inputs+1032outputs (0major+7302minor)pagefaults 0swaps

[g++] Compiling C++ files...
Tue, 10 Aug 2021 20:43:02 +0800
3.27user 0.52system 0:03.83elapsed 99%CPU (0avgtext+0avgdata 108064maxresident)k
40inputs+29688outputs (0major+211985minor)pagefaults 0swaps

[verilator] Generating C++ files...
Tue, 10 Aug 2021 21:07:06 +0800
0.06user 0.02system 0:00.09elapsed 97%CPU (0avgtext+0avgdata 27516maxresident)k
0inputs+1032outputs (0major+7262minor)pagefaults 0swaps

[g++] Compiling C++ files...
Tue, 10 Aug 2021 21:07:06 +0800
3.24user 0.41system 0:03.71elapsed 98%CPU (0avgtext+0avgdata 107844maxresident)k
64inputs+28824outputs (0major+207852minor)pagefaults 0swaps

[verilator] Generating C++ files...
Tue, 10 Aug 2021 21:28:37 +0800
0.05user 0.04system 0:00.10elapsed 92%CPU (0avgtext+0avgdata 27532maxresident)k
2488inputs+1032outputs (13major+7273minor)pagefaults 0swaps

[g++] Compiling C++ files...
Tue, 10 Aug 2021 21:28:37 +0800
0.50user 0.12system 0:00.65elapsed 96%CPU (0avgtext+0avgdata 98864maxresident)k
3432inputs+7960outputs (31major+40506minor)pagefaults 0swaps
