
[verilator] Generating C++ files...
Tue, 10 Aug 2021 20:43:02 +0800
0.07user 0.01system 0:00.08elapsed 98%CPU (0avgtext+0avgdata 27544maxresident)k
0inputs+1032outputs (0major+7302minor)pagefaults 0swaps

[g++] Compiling C++ files...
Tue, 10 Aug 2021 20:43:02 +0800
3.27user 0.52system 0:03.83elapsed 99%CPU (0avgtext+0avgdata 108064maxresident)k
40inputs+29688outputs (0major+211985minor)pagefaults 0swaps

[verilator] Generating C++ files...
Tue, 10 Aug 2021 21:07:06 +0800
0.06user 0.02system 0:00.09elapsed 97%CPU (0avgtext+0avgdata 27516maxresident)k
0inputs+1032outputs (0major+7262minor)pagefaults 0swaps

[g++] Compiling C++ files...
Tue, 10 Aug 2021 21:07:06 +0800
3.24user 0.41system 0:03.71elapsed 98%CPU (0avgtext+0avgdata 107844maxresident)k
64inputs+28824outputs (0major+207852minor)pagefaults 0swaps

[verilator] Generating C++ files...
Tue, 10 Aug 2021 21:28:37 +0800
0.05user 0.04system 0:00.10elapsed 92%CPU (0avgtext+0avgdata 27532maxresident)k
2488inputs+1032outputs (13major+7273minor)pagefaults 0swaps

[g++] Compiling C++ files...
Tue, 10 Aug 2021 21:28:37 +0800
0.50user 0.12system 0:00.65elapsed 96%CPU (0avgtext+0avgdata 98864maxresident)k
3432inputs+7960outputs (31major+40506minor)pagefaults 0swaps

[verilator] Generating C++ files...
Wed, 11 Aug 2021 10:57:21 +0800
0.06user 0.02system 0:00.12elapsed 80%CPU (0avgtext+0avgdata 27476maxresident)k
17312inputs+1032outputs (109major+7238minor)pagefaults 0swaps

[g++] Compiling C++ files...
Wed, 11 Aug 2021 10:57:21 +0800
1.38user 0.31system 0:01.90elapsed 89%CPU (0avgtext+0avgdata 107808maxresident)k
63480inputs+15520outputs (361major+93068minor)pagefaults 0swaps

[verilator] Generating C++ files...
Wed, 11 Aug 2021 10:59:56 +0800
0.06user 0.03system 0:00.09elapsed 95%CPU (0avgtext+0avgdata 27488maxresident)k
0inputs+1040outputs (0major+7276minor)pagefaults 0swaps

[g++] Compiling C++ files...
Wed, 11 Aug 2021 10:59:56 +0800
1.08user 0.12system 0:01.23elapsed 98%CPU (0avgtext+0avgdata 108108maxresident)k
192inputs+11680outputs (0major+67378minor)pagefaults 0swaps

[verilator] Generating C++ files...
Wed, 11 Aug 2021 11:01:26 +0800
0.06user 0.01system 0:00.08elapsed 98%CPU (0avgtext+0avgdata 27508maxresident)k
0inputs+1040outputs (0major+7277minor)pagefaults 0swaps

[g++] Compiling C++ files...
Wed, 11 Aug 2021 11:01:26 +0800
1.02user 0.16system 0:01.21elapsed 97%CPU (0avgtext+0avgdata 107800maxresident)k
24inputs+11680outputs (0major+67357minor)pagefaults 0swaps

[verilator] Generating C++ files...
Wed, 11 Aug 2021 11:05:05 +0800
0.07user 0.01system 0:00.09elapsed 96%CPU (0avgtext+0avgdata 27696maxresident)k
0inputs+1040outputs (0major+7321minor)pagefaults 0swaps

[g++] Compiling C++ files...
Wed, 11 Aug 2021 11:05:05 +0800
1.05user 0.14system 0:01.24elapsed 97%CPU (0avgtext+0avgdata 107860maxresident)k
272inputs+11680outputs (0major+67336minor)pagefaults 0swaps

[verilator] Generating C++ files...
Wed, 11 Aug 2021 11:06:34 +0800
0.07user 0.01system 0:00.09elapsed 95%CPU (0avgtext+0avgdata 27604maxresident)k
0inputs+1040outputs (0major+7318minor)pagefaults 0swaps

[g++] Compiling C++ files...
Wed, 11 Aug 2021 11:06:34 +0800
1.02user 0.17system 0:01.22elapsed 97%CPU (0avgtext+0avgdata 107900maxresident)k
16inputs+11680outputs (0major+67319minor)pagefaults 0swaps

[verilator] Generating C++ files...
Wed, 11 Aug 2021 13:23:03 +0800
0.15user 0.05system 0:00.21elapsed 97%CPU (0avgtext+0avgdata 27568maxresident)k
0inputs+1040outputs (0major+7325minor)pagefaults 0swaps

[g++] Compiling C++ files...
Wed, 11 Aug 2021 13:23:03 +0800
1.88user 0.39system 0:02.32elapsed 98%CPU (0avgtext+0avgdata 107856maxresident)k
24inputs+11704outputs (0major+67472minor)pagefaults 0swaps

[verilator] Generating C++ files...
Wed, 11 Aug 2021 13:44:14 +0800
0.13user 0.04system 0:00.18elapsed 97%CPU (0avgtext+0avgdata 27700maxresident)k
0inputs+1032outputs (0major+7334minor)pagefaults 0swaps

[g++] Compiling C++ files...
Wed, 11 Aug 2021 13:44:14 +0800
1.77user 0.35system 0:02.19elapsed 97%CPU (0avgtext+0avgdata 107756maxresident)k
24inputs+11696outputs (0major+67476minor)pagefaults 0swaps

[verilator] Generating C++ files...
Wed, 11 Aug 2021 16:23:17 +0800
0.08user 0.03system 0:00.11elapsed 95%CPU (0avgtext+0avgdata 27444maxresident)k
0inputs+1016outputs (0major+7255minor)pagefaults 0swaps

[g++] Compiling C++ files...
Wed, 11 Aug 2021 16:23:17 +0800
1.56user 0.27system 0:01.84elapsed 99%CPU (0avgtext+0avgdata 109308maxresident)k
32inputs+15520outputs (0major+93541minor)pagefaults 0swaps
