
[verilator] Generating C++ files...
Sun, 08 Aug 2021 21:30:40 +0800
0.06user 0.01system 0:00.07elapsed 97%CPU (0avgtext+0avgdata 25856maxresident)k
0inputs+872outputs (0major+6872minor)pagefaults 0swaps

[g++] Compiling C++ files...
Sun, 08 Aug 2021 21:30:40 +0800
0.45user 0.12system 0:00.58elapsed 98%CPU (0avgtext+0avgdata 98976maxresident)k
0inputs+5208outputs (0major+41806minor)pagefaults 0swaps

[verilator] Generating C++ files...
Sun, 08 Aug 2021 21:32:16 +0800
0.06user 0.01system 0:00.08elapsed 98%CPU (0avgtext+0avgdata 25756maxresident)k
0inputs+880outputs (0major+6832minor)pagefaults 0swaps

[g++] Compiling C++ files...
Sun, 08 Aug 2021 21:32:16 +0800
2.93user 0.48system 0:03.48elapsed 97%CPU (0avgtext+0avgdata 107472maxresident)k
40inputs+28464outputs (0major+206664minor)pagefaults 0swaps

[verilator] Generating C++ files...
Sun, 08 Aug 2021 21:33:40 +0800
0.05user 0.02system 0:00.08elapsed 96%CPU (0avgtext+0avgdata 25824maxresident)k
0inputs+880outputs (0major+6854minor)pagefaults 0swaps

[g++] Compiling C++ files...
Sun, 08 Aug 2021 21:33:41 +0800
2.99user 0.47system 0:03.53elapsed 98%CPU (0avgtext+0avgdata 107176maxresident)k
56inputs+28440outputs (0major+206437minor)pagefaults 0swaps

[verilator] Generating C++ files...
Sun, 08 Aug 2021 21:34:50 +0800
0.05user 0.01system 0:00.07elapsed 98%CPU (0avgtext+0avgdata 25944maxresident)k
0inputs+880outputs (0major+6854minor)pagefaults 0swaps

[g++] Compiling C++ files...
Sun, 08 Aug 2021 21:34:50 +0800
3.07user 0.50system 0:03.64elapsed 98%CPU (0avgtext+0avgdata 107276maxresident)k
72inputs+28464outputs (0major+206698minor)pagefaults 0swaps

[verilator] Generating C++ files...
Sun, 08 Aug 2021 21:36:46 +0800
0.06user 0.01system 0:00.07elapsed 98%CPU (0avgtext+0avgdata 25884maxresident)k
0inputs+880outputs (0major+6884minor)pagefaults 0swaps

[g++] Compiling C++ files...
Sun, 08 Aug 2021 21:36:46 +0800
0.49user 0.08system 0:00.58elapsed 98%CPU (0avgtext+0avgdata 98732maxresident)k
8inputs+7848outputs (0major+40460minor)pagefaults 0swaps

[verilator] Generating C++ files...
Sun, 08 Aug 2021 21:44:06 +0800
0.05user 0.02system 0:00.08elapsed 97%CPU (0avgtext+0avgdata 25716maxresident)k
0inputs+880outputs (0major+6868minor)pagefaults 0swaps

[g++] Compiling C++ files...
Sun, 08 Aug 2021 21:44:06 +0800
0.46user 0.12system 0:00.61elapsed 96%CPU (0avgtext+0avgdata 98664maxresident)k
8inputs+7848outputs (0major+40480minor)pagefaults 0swaps

[verilator] Generating C++ files...
Sun, 08 Aug 2021 21:48:05 +0800
0.05user 0.03system 0:00.08elapsed 96%CPU (0avgtext+0avgdata 25872maxresident)k
0inputs+880outputs (0major+6874minor)pagefaults 0swaps

[g++] Compiling C++ files...
Sun, 08 Aug 2021 21:48:05 +0800
1.00user 0.17system 0:01.22elapsed 96%CPU (0avgtext+0avgdata 107164maxresident)k
16inputs+11512outputs (0major+67181minor)pagefaults 0swaps

[verilator] Generating C++ files...
Sun, 08 Aug 2021 21:49:37 +0800
0.06user 0.01system 0:00.08elapsed 96%CPU (0avgtext+0avgdata 25832maxresident)k
0inputs+880outputs (0major+6863minor)pagefaults 0swaps

[g++] Compiling C++ files...
Sun, 08 Aug 2021 21:49:38 +0800
3.07user 0.42system 0:03.55elapsed 98%CPU (0avgtext+0avgdata 105564maxresident)k
40inputs+28464outputs (0major+206216minor)pagefaults 0swaps
